<?xml version="1.0" encoding="UTF-8"?>
<testsuites name="T01" time="8.464" tests="2" failures="0" errors="0">
   <testsuite name="T01" tests="2" failures="0" errors="0" time="8.464" skipped="0" timestamp="16-01-2024T15:07:00" hostname="Administrator - 10.53.16.177" id="Test Suites/T01">
      <properties>
         <property name="deviceName" value=""/>
         <property name="devicePlatform" value=""/>
         <property name="logFolder" value="C:\\Users\\Administrator\\Katalon Studio\\d\\Reports\\25670116_150652\\T01\\25670116_150652"/>
         <property name="logFiles" value="C:\\Users\\Administrator\\Katalon Studio\\d\\Reports\\25670116_150652\\T01\\25670116_150652\\execution0.log"/>
         <property name="attachments" value=""/>
         <property name="hostName" value="Administrator - 10.53.16.177"/>
         <property name="os" value="Windows 10 64bit"/>
         <property name="katalonVersion" value="9.2.0.212"/>
         <property name="browser" value="Chrome 118.0.0.0"/>
         <property name="hostAddress" value="10.53.16.177"/>
         <property name="sessionId" value="da8d9fc190a4c853593eb5de91772b23"/>
         <property name="seleniumVersion" value="3.141.59"/>
         <property name="proxyInformation" value="ProxyInformation { proxyOption=NO_PROXY, proxyServerType=HTTP, username=, password=********, proxyServerAddress=, proxyServerPort=0, executionList=&quot;&quot;, isApplyToDesiredCapabilities=true }"/>
         <property name="platform" value="Windows 10"/>
      </properties>
      <testcase name="Test Cases/UC01 Search By KeyWorld/New Test Case" time="3.676" classname="Test Cases/UC01 Search By KeyWorld/New Test Case" status="PASSED">
         <system-out><![CDATA[16-01-2024T15:07:00 - [TEST_CASE][PASSED] - Test Cases/UC01 Search By KeyWorld/New Test Case: Test Cases/UC01 Search By KeyWorld/New Test Case

16-01-2024T15:07:00 - [TEST_STEP][PASSED] - openBrowser(""): Browser is opened with url: ''

16-01-2024T15:07:01 - [MESSAGE][INFO] - Starting 'Chrome' driver

16-01-2024T15:07:01 - [MESSAGE][INFO] - Action delay is set to 0 milliseconds

16-01-2024T15:07:02 - [MESSAGE][PASSED] - Browser is opened with url: ''

16-01-2024T15:07:02 - [TEST_STEP][PASSED] - navigateToUrl("https://www.google.com/"): Navigate to 'https://www.google.com/' successfully

16-01-2024T15:07:02 - [MESSAGE][PASSED] - Navigate to 'https://www.google.com/' successfully

16-01-2024T15:07:02 - [TEST_STEP][PASSED] - setText(findTestObject("Object Repository/Page_Google/textarea_q"), "NPRU"): Text 'NPRU' is set on object 'Object Repository/Page_Google/textarea_q'

16-01-2024T15:07:03 - [MESSAGE][PASSED] - Text 'NPRU' is set on object 'Object Repository/Page_Google/textarea_q'

16-01-2024T15:07:03 - [TEST_STEP][PASSED] - click(findTestObject("Object Repository/Page_Google/div_sbic vYOkbe")): Object: 'Object Repository/Page_Google/div_sbic vYOkbe' is clicked on

16-01-2024T15:07:04 - [MESSAGE][PASSED] - Object: 'Object Repository/Page_Google/div_sbic vYOkbe' is clicked on

16-01-2024T15:07:04 - [TEST_STEP][PASSED] - closeBrowser(): Browser is closed

16-01-2024T15:07:04 - [MESSAGE][PASSED] - Browser is closed]]></system-out>
         <system-err><![CDATA[]]></system-err>
      </testcase>
      <testcase name="Test Cases/UC01 Search By KeyWorld/Search by keyword pbru" time="4.654" classname="Test Cases/UC01 Search By KeyWorld/Search by keyword pbru" status="PASSED">
         <system-out><![CDATA[16-01-2024T15:07:04 - [TEST_CASE][PASSED] - Test Cases/UC01 Search By KeyWorld/Search by keyword pbru: Test Cases/UC01 Search By KeyWorld/Search by keyword pbru

16-01-2024T15:07:04 - [TEST_STEP][PASSED] - openBrowser(""): Browser is opened with url: ''

16-01-2024T15:07:04 - [MESSAGE][INFO] - Starting 'Chrome' driver

16-01-2024T15:07:04 - [MESSAGE][INFO] - Action delay is set to 0 milliseconds

16-01-2024T15:07:04 - [MESSAGE][PASSED] - Browser is opened with url: ''

16-01-2024T15:07:04 - [TEST_STEP][PASSED] - navigateToUrl("https://www.google.com/"): Navigate to 'https://www.google.com/' successfully

16-01-2024T15:07:05 - [MESSAGE][PASSED] - Navigate to 'https://www.google.com/' successfully

16-01-2024T15:07:05 - [TEST_STEP][PASSED] - setText(findTestObject("Object Repository/Page_Google/textarea_q"), "PBRU"): Text 'PBRU' is set on object 'Object Repository/Page_Google/textarea_q'

16-01-2024T15:07:06 - [MESSAGE][PASSED] - Text 'PBRU' is set on object 'Object Repository/Page_Google/textarea_q'

16-01-2024T15:07:06 - [TEST_STEP][PASSED] - click(findTestObject("Object Repository/Page_Google/input_btnK")): Object: 'Object Repository/Page_Google/input_btnK' is clicked on

16-01-2024T15:07:06 - [MESSAGE][PASSED] - Object: 'Object Repository/Page_Google/input_btnK' is clicked on

16-01-2024T15:07:06 - [TEST_STEP][PASSED] - verifyTextPresent("มหาวิทยาลัยราชภัฏเพชรบุรี", false): Text 'มหาวิทยาลัยราชภัฏเพชรบุรี' is present on page 

16-01-2024T15:07:08 - [MESSAGE][PASSED] - Text 'มหาวิทยาลัยราชภัฏเพชรบุรี' is present on page 

16-01-2024T15:07:08 - [TEST_STEP][PASSED] - closeBrowser(): Browser is closed

16-01-2024T15:07:08 - [MESSAGE][PASSED] - Browser is closed]]></system-out>
         <system-err><![CDATA[]]></system-err>
      </testcase>
      <system-out><![CDATA[16-01-2024T15:07:00 - [TEST_SUITE][PASSED] - T01: Test Cases/UC01 Search By KeyWorld/Search by keyword pbru]]></system-out>
      <system-err><![CDATA[]]></system-err>
   </testsuite>
</testsuites>
